This is pdfTeX, Version 3.14159265-2.6-1.40.18 (MiKTeX 2.9.6500 64-bit) (preloaded format=pdflatex 2018.9.19)  16 OCT 2018 11:05
entering extended mode
**"C:/Users/hoffmeis/Documents/Workspace (git)/rosdp/vignettes/Latex/root.tex"
("C:/Users/hoffmeis/Documents/Workspace (git)/rosdp/vignettes/Latex/root.tex"
LaTeX2e <2017-04-15>
(C:\Programme_2\MikTex\tex\latex\base\article.cls
Document Class: article 2014/09/29 v1.4h Standard LaTeX document class
(C:\Programme_2\MikTex\tex\latex\base\size10.clo
File: size10.clo 2014/09/29 v1.4h Standard LaTeX file (size option)
)
\c@part=\count79
\c@section=\count80
\c@subsection=\count81
\c@subsubsection=\count82
\c@paragraph=\count83
\c@subparagraph=\count84
\c@figure=\count85
\c@table=\count86
\abovecaptionskip=\skip41
\belowcaptionskip=\skip42
\bibindent=\dimen102
)
(C:\Programme_2\MikTex\tex\latex\base\inputenc.sty
Package: inputenc 2015/03/17 v1.2c Input encoding file
\inpenc@prehook=\toks14
\inpenc@posthook=\toks15

(C:\Programme_2\MikTex\tex\latex\base\latin1.def
File: latin1.def 2015/03/17 v1.2c Input encoding file
))
(C:\Programme_2\MikTex\tex\latex\graphics\graphicx.sty
Package: graphicx 2017/06/01 v1.1a Enhanced LaTeX Graphics (DPC,SPQR)

(C:\Programme_2\MikTex\tex\latex\graphics\keyval.sty
Package: keyval 2014/10/28 v1.15 key=value parser (DPC)
\KV@toks@=\toks16
)
(C:\Programme_2\MikTex\tex\latex\graphics\graphics.sty
Package: graphics 2017/06/25 v1.2c Standard LaTeX Graphics (DPC,SPQR)

(C:\Programme_2\MikTex\tex\latex\graphics\trig.sty
Package: trig 2016/01/03 v1.10 sin cos tan (DPC)
)
(C:\Programme_2\MikTex\tex\latex\graphics-cfg\graphics.cfg
File: graphics.cfg 2016/06/04 v1.11 sample graphics configuration
)
Package graphics Info: Driver file: pdftex.def on input line 99.

(C:\Programme_2\MikTex\tex\latex\graphics-def\pdftex.def
File: pdftex.def 2017/06/24 v1.0g Graphics/color driver for pdftex
))
\Gin@req@height=\dimen103
\Gin@req@width=\dimen104
)
(C:\Programme_2\MikTex\tex\latex\graphics\epsfig.sty
Package: epsfig 2017/06/25 v1.7b (e)psfig emulation (SPQR)
\epsfxsize=\dimen105
\epsfysize=\dimen106
)
("C:/Users/hoffmeis/Documents/Workspace (git)/rosdp/vignettes/Latex\xcolor.sty"
Package: xcolor 2004/07/04 v2.00 LaTeX color extensions (UK)
(C:\Programme_2\MikTex\tex\latex\graphics-cfg\color.cfg
File: color.cfg 2016/01/02 v1.6 sample color configuration
)
Package xcolor Info: Driver file: pdftex.def on input line 136.
Package xcolor Info: Color model `cmy' added on input line 972.
Package xcolor Info: Color model `hsb' added on input line 980.
Package xcolor Info: Color model `HTML' added on input line 1000.
Package xcolor Info: Color model `HSB' added on input line 1006.
Package xcolor Info: Color model `Gray' added on input line 1012.
)
(C:\Programme_2\MikTex\tex\latex\amsmath\amsmath.sty
Package: amsmath 2017/09/02 v2.17a AMS math features
\@mathmargin=\skip43

For additional information on amsmath, use the `?' option.
(C:\Programme_2\MikTex\tex\latex\amsmath\amstext.sty
Package: amstext 2000/06/29 v2.01 AMS text

(C:\Programme_2\MikTex\tex\latex\amsmath\amsgen.sty
File: amsgen.sty 1999/11/30 v2.0 generic functions
\@emptytoks=\toks17
\ex@=\dimen107
))
(C:\Programme_2\MikTex\tex\latex\amsmath\amsbsy.sty
Package: amsbsy 1999/11/29 v1.2d Bold Symbols
\pmbraise@=\dimen108
)
(C:\Programme_2\MikTex\tex\latex\amsmath\amsopn.sty
Package: amsopn 2016/03/08 v2.02 operator names
)
\inf@bad=\count87
LaTeX Info: Redefining \frac on input line 213.
\uproot@=\count88
\leftroot@=\count89
LaTeX Info: Redefining \overline on input line 375.
\classnum@=\count90
\DOTSCASE@=\count91
LaTeX Info: Redefining \ldots on input line 472.
LaTeX Info: Redefining \dots on input line 475.
LaTeX Info: Redefining \cdots on input line 596.
\Mathstrutbox@=\box26
\strutbox@=\box27
\big@size=\dimen109
LaTeX Font Info:    Redeclaring font encoding OML on input line 712.
LaTeX Font Info:    Redeclaring font encoding OMS on input line 713.
\macc@depth=\count92
\c@MaxMatrixCols=\count93
\dotsspace@=\muskip10
\c@parentequation=\count94
\dspbrk@lvl=\count95
\tag@help=\toks18
\row@=\count96
\column@=\count97
\maxfields@=\count98
\andhelp@=\toks19
\eqnshift@=\dimen110
\alignsep@=\dimen111
\tagshift@=\dimen112
\tagwidth@=\dimen113
\totwidth@=\dimen114
\lineht@=\dimen115
\@envbody=\toks20
\multlinegap=\skip44
\multlinetaggap=\skip45
\mathdisplay@stack=\toks21
LaTeX Info: Redefining \[ on input line 2817.
LaTeX Info: Redefining \] on input line 2818.
)
(C:\Programme_2\MikTex\tex\latex\hyperref\hyperref.sty
Package: hyperref 2017/03/14 v6.85a Hypertext links for LaTeX

(C:\Programme_2\MikTex\tex\generic\oberdiek\hobsub-hyperref.sty
Package: hobsub-hyperref 2016/05/16 v1.14 Bundle oberdiek, subset hyperref (HO)


(C:\Programme_2\MikTex\tex\generic\oberdiek\hobsub-generic.sty
Package: hobsub-generic 2016/05/16 v1.14 Bundle oberdiek, subset generic (HO)
Package: hobsub 2016/05/16 v1.14 Construct package bundles (HO)
Package: infwarerr 2016/05/16 v1.4 Providing info/warning/error messages (HO)
Package: ltxcmds 2016/05/16 v1.23 LaTeX kernel commands for general use (HO)
Package: ifluatex 2016/05/16 v1.4 Provides the ifluatex switch (HO)
Package ifluatex Info: LuaTeX not detected.
Package: ifvtex 2016/05/16 v1.6 Detect VTeX and its facilities (HO)
Package ifvtex Info: VTeX not detected.
Package: intcalc 2016/05/16 v1.2 Expandable calculations with integers (HO)
Package: ifpdf 2017/03/15 v3.2 Provides the ifpdf switch
Package: etexcmds 2016/05/16 v1.6 Avoid name clashes with e-TeX commands (HO)
Package etexcmds Info: Could not find \expanded.
(etexcmds)             That can mean that you are not using pdfTeX 1.50 or
(etexcmds)             that some package has redefined \expanded.
(etexcmds)             In the latter case, load this package earlier.
Package: kvsetkeys 2016/05/16 v1.17 Key value parser (HO)
Package: kvdefinekeys 2016/05/16 v1.4 Define keys (HO)
Package: pdftexcmds 2017/03/19 v0.25 Utility functions of pdfTeX for LuaTeX (HO
)
Package pdftexcmds Info: LuaTeX not detected.
Package pdftexcmds Info: \pdf@primitive is available.
Package pdftexcmds Info: \pdf@ifprimitive is available.
Package pdftexcmds Info: \pdfdraftmode found.
Package: pdfescape 2016/05/16 v1.14 Implements pdfTeX's escape features (HO)
Package: bigintcalc 2016/05/16 v1.4 Expandable calculations on big integers (HO
)
Package: bitset 2016/05/16 v1.2 Handle bit-vector datatype (HO)
Package: uniquecounter 2016/05/16 v1.3 Provide unlimited unique counter (HO)
)
Package hobsub Info: Skipping package `hobsub' (already loaded).
Package: letltxmacro 2016/05/16 v1.5 Let assignment for LaTeX macros (HO)
Package: hopatch 2016/05/16 v1.3 Wrapper for package hooks (HO)
Package: xcolor-patch 2016/05/16 xcolor patch
Package: atveryend 2016/05/16 v1.9 Hooks at the very end of document (HO)
Package atveryend Info: \enddocument detected (standard20110627).
Package: atbegshi 2016/06/09 v1.18 At begin shipout hook (HO)
Package: refcount 2016/05/16 v3.5 Data extraction from label references (HO)
Package: hycolor 2016/05/16 v1.8 Color options for hyperref/bookmark (HO)
)
(C:\Programme_2\MikTex\tex\generic\ifxetex\ifxetex.sty
Package: ifxetex 2010/09/12 v0.6 Provides ifxetex conditional
)
(C:\Programme_2\MikTex\tex\latex\oberdiek\auxhook.sty
Package: auxhook 2016/05/16 v1.4 Hooks for auxiliary files (HO)
)
(C:\Programme_2\MikTex\tex\latex\oberdiek\kvoptions.sty
Package: kvoptions 2016/05/16 v3.12 Key value format for package options (HO)
)
\@linkdim=\dimen116
\Hy@linkcounter=\count99
\Hy@pagecounter=\count100

(C:\Programme_2\MikTex\tex\latex\hyperref\pd1enc.def
File: pd1enc.def 2017/03/14 v6.85a Hyperref: PDFDocEncoding definition (HO)
)
\Hy@SavedSpaceFactor=\count101

(C:\Programme_2\MikTex\tex\latex\00miktex\hyperref.cfg
File: hyperref.cfg 2002/06/06 v1.2 hyperref configuration of TeXLive
)
Package hyperref Info: Hyper figures OFF on input line 4498.
Package hyperref Info: Link nesting OFF on input line 4503.
Package hyperref Info: Hyper index ON on input line 4506.
Package hyperref Info: Plain pages OFF on input line 4513.
Package hyperref Info: Backreferencing OFF on input line 4518.
Package hyperref Info: Implicit mode ON; LaTeX internals redefined.
Package hyperref Info: Bookmarks ON on input line 4751.
\c@Hy@tempcnt=\count102

(C:\Programme_2\MikTex\tex\latex\url\url.sty
\Urlmuskip=\muskip11
Package: url 2013/09/16  ver 3.4  Verb mode for urls, etc.
)
LaTeX Info: Redefining \url on input line 5104.
\XeTeXLinkMargin=\dimen117
\Fld@menulength=\count103
\Field@Width=\dimen118
\Fld@charsize=\dimen119
Package hyperref Info: Hyper figures OFF on input line 6358.
Package hyperref Info: Link nesting OFF on input line 6363.
Package hyperref Info: Hyper index ON on input line 6366.
Package hyperref Info: backreferencing OFF on input line 6373.
Package hyperref Info: Link coloring OFF on input line 6378.
Package hyperref Info: Link coloring with OCG OFF on input line 6383.
Package hyperref Info: PDF/A mode OFF on input line 6388.
LaTeX Info: Redefining \ref on input line 6428.
LaTeX Info: Redefining \pageref on input line 6432.
\Hy@abspage=\count104
\c@Item=\count105
\c@Hfootnote=\count106
)

Package hyperref Message: Driver (autodetected): hpdftex.

(C:\Programme_2\MikTex\tex\latex\hyperref\hpdftex.def
File: hpdftex.def 2017/03/14 v6.85a Hyperref driver for pdfTeX
\Fld@listcount=\count107
\c@bookmark@seq@number=\count108

(C:\Programme_2\MikTex\tex\latex\oberdiek\rerunfilecheck.sty
Package: rerunfilecheck 2016/05/16 v1.8 Rerun checks for auxiliary files (HO)
Package uniquecounter Info: New unique counter `rerunfilecheck' on input line 2
82.
)
\Hy@SectionHShift=\skip46
)
("C:/Users/hoffmeis/Documents/Workspace (git)/rosdp/vignettes/Latex\root.aux")
\openout1 = `root.aux'.

LaTeX Font Info:    Checking defaults for OML/cmm/m/it on input line 12.
LaTeX Font Info:    ... okay on input line 12.
LaTeX Font Info:    Checking defaults for T1/cmr/m/n on input line 12.
LaTeX Font Info:    ... okay on input line 12.
LaTeX Font Info:    Checking defaults for OT1/cmr/m/n on input line 12.
LaTeX Font Info:    ... okay on input line 12.
LaTeX Font Info:    Checking defaults for OMS/cmsy/m/n on input line 12.
LaTeX Font Info:    ... okay on input line 12.
LaTeX Font Info:    Checking defaults for OMX/cmex/m/n on input line 12.
LaTeX Font Info:    ... okay on input line 12.
LaTeX Font Info:    Checking defaults for U/cmr/m/n on input line 12.
LaTeX Font Info:    ... okay on input line 12.
LaTeX Font Info:    Checking defaults for PD1/pdf/m/n on input line 12.
LaTeX Font Info:    ... okay on input line 12.

(C:\Programme_2\MikTex\tex\latex\oberdiek\epstopdf-base.sty
Package: epstopdf-base 2016/05/15 v2.6 Base part for package epstopdf

(C:\Programme_2\MikTex\tex\latex\oberdiek\grfext.sty
Package: grfext 2016/05/16 v1.2 Manage graphics extensions (HO)
)
Package epstopdf-base Info: Redefining graphics rule for `.eps' on input line 4
38.
Package grfext Info: Graphics extension search list:
(grfext)             [.pdf,.png,.jpg,.mps,.jpeg,.jbig2,.jb2,.PDF,.PNG,.JPG,.JPE
G,.JBIG2,.JB2,.eps]
(grfext)             \AppendGraphicsExtensions on input line 456.
)
\AtBeginShipoutBox=\box28
Package hyperref Info: Link coloring OFF on input line 12.

(C:\Programme_2\MikTex\tex\latex\hyperref\nameref.sty
Package: nameref 2016/05/21 v2.44 Cross-referencing by name of section

(C:\Programme_2\MikTex\tex\generic\oberdiek\gettitlestring.sty
Package: gettitlestring 2016/05/16 v1.5 Cleanup title references (HO)
)
\c@section@level=\count109
)
LaTeX Info: Redefining \ref on input line 12.
LaTeX Info: Redefining \pageref on input line 12.
LaTeX Info: Redefining \nameref on input line 12.
\@outlinefile=\write3
\openout3 = `root.out'.

\tf@toc=\write4
\openout4 = `root.toc'.

 [1{C:/Users/hoffmeis/AppData/Local/MiKTeX/2.9/pdftex/config/pdftex.map}



]
\openout2 = `ch0_abstract.aux'.


("C:/Users/hoffmeis/Documents/Workspace (git)/rosdp/vignettes/Latex\ch0_abstrac
t.tex")
\openout2 = `ch1_intro.aux'.


("C:/Users/hoffmeis/Documents/Workspace (git)/rosdp/vignettes/Latex\ch1_intro.t
ex"

LaTeX Warning: Citation `Fisher1992' on page 2 undefined on input line 3.


LaTeX Warning: Reference `splitplots' on page 2 undefined on input line 9.


LaTeX Warning: Reference `semisplitplots' on page 2 undefined on input line 9.


LaTeX Warning: Reference `algo' on page 2 undefined on input line 9.


LaTeX Warning: Reference `rospd' on page 2 undefined on input line 9.


LaTeX Warning: Reference `evaluation' on page 2 undefined on input line 9.


LaTeX Warning: Reference `summary' on page 2 undefined on input line 9.

) [2



]
\openout2 = `ch2_splitplots.aux'.


("C:/Users/hoffmeis/Documents/Workspace (git)/rosdp/vignettes/Latex\ch2_splitpl
ots.tex"

LaTeX Warning: Citation `kowalski:recsplitplot' on page 3 undefined on input li
ne 5.

LaTeX Font Info:    Try loading font information for OMS+cmr on input line 8.
(C:\Programme_2\MikTex\tex\latex\base\omscmr.fd
File: omscmr.fd 2014/09/29 v2.5h Standard LaTeX font definitions
)
LaTeX Font Info:    Font shape `OMS/cmr/m/n' in size <10> not available
(Font)              Font shape `OMS/cmsy/m/n' tried instead on input line 8.
<./images/ch2_printingPress.png, id=19, 277.035pt x 167.87718pt>
File: ./images/ch2_printingPress.png Graphic file (type png)
<use ./images/ch2_printingPress.png>
Package pdftex.def Info: ./images/ch2_printingPress.png  used on input line 15.
 on input line 15.
Package pdftex.def Info: Requested size: 138.51715pt x 83.93839pt on input line
 15.


LaTeX Warning: `!h' float specifier changed to `!ht'.


LaTeX Warning: Citation `Fisher1992' on page 3 undefined on input line 46.


Overfull \hbox (13.04214pt too wide) in paragraph at lines 50--64
 [][] 
 []

[3


 <C:/Users/hoffmeis/Documents/Workspace (git)/rosdp/vignettes/Latex/images/ch2_
printingPress.png>]

LaTeX Warning: Citation `jones:whyandhow' on page 4 undefined on input line 71.



LaTeX Warning: Citation `jones:book' on page 4 undefined on input line 71.


LaTeX Warning: Citation `kowalski:recsplitplot' on page 4 undefined on input li
ne 71.


Underfull \hbox (badness 10000) in paragraph at lines 101--102
[]\OT1/cmr/m/n/10 The variance-covariance ma-trix of the re-
 []


Underfull \hbox (badness 7558) in paragraph at lines 101--102
\OT1/cmr/m/n/10 sponse vec-tor Y can be writ-ten as (Jones
 []


LaTeX Warning: Citation `jones:whyandhow' on page 4 undefined on input line 106
.


LaTeX Warning: Citation `analysisofsplitplots' on page 4 undefined on input lin
e 106.


LaTeX Warning: Citation `jones:whyandhow' on page 4 undefined on input line 110
.


LaTeX Warning: Citation `jones:optimalalg' on page 4 undefined on input line 11
0.


LaTeX Warning: Citation `jones:book' on page 4 undefined on input line 110.


LaTeX Warning: Citation `JMPHELP:numberwholepots' on page 4 undefined on input 
line 119.

[4]

LaTeX Warning: Citation `jones:optimalalg' on page 5 undefined on input line 12
1.


LaTeX Warning: Citation `jones:ianddoptimal' on page 5 undefined on input line 
121.


LaTeX Warning: Citation `hooks:optimalityrandomeffects' on page 5 undefined on 
input line 121.


Underfull \hbox (badness 10000) in paragraph at lines 125--126
[]\OT1/cmr/bx/n/10 I-Optimality: $\OML/cmm/m/it/10 I\OT1/cmr/m/n/10 (\OML/cmm/m
/it/10 X\OT1/cmr/m/n/10 ) =
 []


Underfull \hbox (badness 10000) in paragraph at lines 125--126
[] \OT1/cmr/m/n/10 =
 []


Underfull \hbox (badness 10000) in paragraph at lines 125--126
\OT1/cmr/m/n/10 2[]\OML/cmm/m/it/10 tr\OT1/cmr/m/n/10 [(\OML/cmm/m/it/10 X[]V[]
X\OT1/cmr/m/n/10 )[]\OML/cmm/m/it/10 B\OT1/cmr/m/n/10 ]$ where $\OML/cmm/m/it/1
0 B \OT1/cmr/m/n/10 =
 []


Underfull \hbox (badness 10000) in paragraph at lines 125--126
[][] \OML/cmm/m/it/10 f\OT1/cmr/m/n/10 (\OML/cmm/m/it/10 x\OT1/cmr/m/n/10 )\OML
/cmm/m/it/10 f[]\OT1/cmr/m/n/10 (\OML/cmm/m/it/10 x\OT1/cmr/m/n/10 )\OML/cmm/m/
it/10 dx$ \OT1/cmr/m/n/10 is called the mo-
 []


Underfull \hbox (badness 4108) in paragraph at lines 125--126
\OT1/cmr/m/n/10 ments ma-trix for the ex-per-i-men-tal re-gion
 []

) [5

]
\openout2 = `ch3_semisplitplots.aux'.


("C:/Users/hoffmeis/Documents/Workspace (git)/rosdp/vignettes/Latex\ch3_semispl
itplots.tex" [6


]) [7]
\openout2 = `ch4_algo.aux'.


("C:/Users/hoffmeis/Documents/Workspace (git)/rosdp/vignettes/Latex\ch4_algo.te
x"
Underfull \hbox (badness 3492) in paragraph at lines 1--1
\OT1/cmr/bx/n/14.4 Gen-er-ate Op-ti-mal De-signs
 []


LaTeX Warning: Citation `fedorovalg' on page 8 undefined on input line 3.


LaTeX Warning: Citation `coordexchange' on page 8 undefined on input line 3.


LaTeX Warning: Citation `jones:optimalalg' on page 8 undefined on input line 3.



LaTeX Warning: `!h' float specifier changed to `!ht'.

[8


]) [9]
\openout2 = `ch5_package.aux'.


("C:/Users/hoffmeis/Documents/Workspace (git)/rosdp/vignettes/Latex\ch5_package
.tex"
Underfull \hbox (badness 1072) in paragraph at lines 11--12
\OT1/cmr/m/n/10 Con-tin-u-ous fac-tors are nu-meric fac-tors that
 []


Overfull \hbox (11.9979pt too wide) in paragraph at lines 48--48
[]                \OT1/cmtt/m/n/10 number.levels = as.integer(2),[] 
 []


Overfull \hbox (11.9979pt too wide) in paragraph at lines 48--48
[]                \OT1/cmtt/m/n/10 number.levels = as.integer(2),[] 
 []


Overfull \hbox (1.49799pt too wide) in paragraph at lines 48--48
[]                     \OT1/cmtt/m/n/10 levels=c("A", "B", "C",[] 
 []


Overfull \hbox (53.99753pt too wide) in paragraph at lines 48--48
[]                     \OT1/cmtt/m/n/10 semi.htc.group.size=as.integer(4)[] 
 []

[10


]

LaTeX Warning: Citation `skprpkg' on page 11 undefined on input line 59.

) [11] [12]
\openout2 = `ch6_designeval.aux'.


("C:/Users/hoffmeis/Documents/Workspace (git)/rosdp/vignettes/Latex\ch6_designe
val.tex"
!pdfTeX error: pdflatex (file C:/Users/hoffmeis/Documents/Workspace (git)/rosdp
/vignettes/Latex/images/ch6_barcharts.png): libpng: internal error
 ==> Fatal error occurred, no output PDF file produced!
